<?xml version="1.0" encoding="UTF-8"?>
<!-- Generated by org.testng.reporters.JUnitReportReporter -->
<testsuite hostname="LTIN452093" failures="0" tests="1" name="learning_selenium.Google" time="36.857" errors="0" timestamp="2025-06-14T17:15:43 IST" skipped="0">
  <testcase classname="learning_selenium.Google" name="google" time="36.857"/>
</testsuite> <!-- learning_selenium.Google -->
