<?xml version="1.0" encoding="UTF-8"?>
<!-- Generated by org.testng.reporters.JUnitReportReporter -->
<testsuite hostname="UI-5CG5232KHC" failures="0" tests="1" name="SeleniumTutorial.Learning.flipkart" time="44.466" errors="0" timestamp="2025-09-16T17:18:02 IST" skipped="0">
  <testcase classname="SeleniumTutorial.Learning.flipkart" name="teststart" time="44.466"/>
</testsuite> <!-- SeleniumTutorial.Learning.flipkart -->
