<?xml version="1.0" encoding="UTF-8"?>
<!-- Generated by org.testng.reporters.JUnitReportReporter -->
<testsuite hostname="LTIN452093" failures="0" tests="1" name="learning_selenium.ebat" time="11.817" errors="0" timestamp="2025-06-09T22:01:28 IST" skipped="0">
  <testcase classname="learning_selenium.ebat" name="test" time="11.817"/>
</testsuite> <!-- learning_selenium.ebat -->
