<?xml version="1.0" encoding="UTF-8"?>
<!-- Generated by org.testng.reporters.JUnitReportReporter -->
<testsuite hostname="Raftaar" failures="0" tests="1" name="learning_selenium.ebay_suggestion_box" time="19.286" errors="0" timestamp="2025-08-09T00:31:53 IST" skipped="0">
  <testcase classname="learning_selenium.ebay_suggestion_box" name="test" time="19.286"/>
</testsuite> <!-- learning_selenium.ebay_suggestion_box -->
