<?xml version="1.0" encoding="UTF-8"?>
<!-- Generated by org.testng.reporters.JUnitReportReporter -->
<testsuite hostname="Raftaar" failures="0" tests="1" name="action.Svgelement" time="10.856" errors="0" timestamp="2025-08-26T13:36:12 IST" skipped="0">
  <testcase classname="action.Svgelement" name="method1" time="10.856"/>
</testsuite> <!-- action.Svgelement -->
