<?xml version="1.0" encoding="UTF-8"?>
<!-- Generated by org.testng.reporters.JUnitReportReporter -->
<testsuite hostname="UI-5CG5232KHC" failures="0" tests="1" name="learning_selenium.ebay_suggestion_box" time="19.045" errors="0" timestamp="2025-09-18T16:42:19 IST" skipped="0">
  <testcase classname="learning_selenium.ebay_suggestion_box" name="test" time="19.045"/>
</testsuite> <!-- learning_selenium.ebay_suggestion_box -->
