<?xml version="1.0" encoding="UTF-8"?>
<!-- Generated by org.testng.reporters.JUnitReportReporter -->
<testsuite hostname="LTIN452093" failures="0" tests="1" name="learning_selenium.ebay_suggestion_box" time="12.015" errors="0" timestamp="2025-06-30T17:20:32 IST" skipped="0">
  <testcase classname="learning_selenium.ebay_suggestion_box" name="test" time="12.015"/>
</testsuite> <!-- learning_selenium.ebay_suggestion_box -->
