<?xml version="1.0" encoding="UTF-8"?>
<!-- Generated by org.testng.reporters.JUnitReportReporter -->
<testsuite hostname="LTIN452093" failures="0" tests="1" name="pagestest.loginTest" time="0.934" errors="0" timestamp="2025-07-12T01:36:14 IST" skipped="0">
  <testcase classname="pagestest.loginTest" name="first" time="0.934"/>
</testsuite> <!-- pagestest.loginTest -->
